Copyright 1986-2022 Xilinx, Inc. All Rights Reserved. Copyright 2022-2025 Advanced Micro Devices, Inc. All Rights Reserved.
------------------------------------------------------------------------------------------------------------------------------------------------------------------------------------------------------------------------------------------------------------------
| Tool Version : Vivado v.2025.1 (lin64) Build 6140274 Wed May 21 22:58:25 MDT 2025
| Date         : Sat May  2 10:52:15 2026
| Host         : minamidev running 64-bit Ubuntu 24.04.4 LTS
| Command      : report_timing_summary -max_paths 10 -routable_nets -report_unconstrained -file axi_ooo_controller_timing_summary_routed.rpt -pb axi_ooo_controller_timing_summary_routed.pb -rpx axi_ooo_controller_timing_summary_routed.rpx -warn_on_violation
| Design       : axi_ooo_controller
| Device       : 7z030-ffv676
| Speed File   : -2  PRODUCTION 1.12 2019-11-22
| Design State : Routed
------------------------------------------------------------------------------------------------------------------------------------------------------------------------------------------------------------------------------------------------------------------

Timing Summary Report

------------------------------------------------------------------------------------------------
| Timer Settings
| --------------
------------------------------------------------------------------------------------------------

  Enable Multi Corner Analysis               :  Yes
  Enable Pessimism Removal                   :  Yes
  Pessimism Removal Resolution               :  Nearest Common Node
  Enable Input Delay Default Clock           :  No
  Enable Preset / Clear Arcs                 :  No
  Disable Flight Delays                      :  No
  Ignore I/O Paths                           :  No
  Timing Early Launch at Borrowing Latches   :  No
  Borrow Time for Max Delay Exceptions       :  Yes
  Merge Timing Exceptions                    :  Yes
  Inter-SLR Compensation                     :  Conservative

  Corner  Analyze    Analyze    
  Name    Max Paths  Min Paths  
  ------  ---------  ---------  
  Slow    Yes        Yes        
  Fast    Yes        Yes        


------------------------------------------------------------------------------------------------
| Report Methodology
| ------------------
------------------------------------------------------------------------------------------------

Rule       Severity          Description                  Violations  
---------  ----------------  ---------------------------  ----------  
TIMING-17  Critical Warning  Non-clocked sequential cell  1000        

Note: This report is based on the most recent report_methodology run and may not be up-to-date. Run report_methodology on the current design for the latest report.



check_timing report

Table of Contents
-----------------
1. checking no_clock (1519)
2. checking constant_clock (0)
3. checking pulse_width_clock (0)
4. checking unconstrained_internal_endpoints (4444)
5. checking no_input_delay (113)
6. checking no_output_delay (110)
7. checking multiple_clock (0)
8. checking generated_clocks (0)
9. checking loops (0)
10. checking partial_input_delay (0)
11. checking partial_output_delay (0)
12. checking latch_loops (0)

1. checking no_clock (1519)
---------------------------
 There are 1519 register/latch pins with no clock driven by root clock pin: ACLK (HIGH)


2. checking constant_clock (0)
------------------------------
 There are 0 register/latch pins with constant_clock.


3. checking pulse_width_clock (0)
---------------------------------
 There are 0 register/latch pins which need pulse_width check


4. checking unconstrained_internal_endpoints (4444)
---------------------------------------------------
 There are 4444 pins that are not constrained for maximum delay. (HIGH)

 There are 0 pins that are not constrained for maximum delay due to constant clock.


5. checking no_input_delay (113)
--------------------------------
 There are 113 input ports with no input delay specified. (HIGH)

 There are 0 input ports with no input delay but user has a false path constraint.


6. checking no_output_delay (110)
---------------------------------
 There are 110 ports with no output delay specified. (HIGH)

 There are 0 ports with no output delay but user has a false path constraint

 There are 0 ports with no output delay but with a timing clock defined on it or propagating through it


7. checking multiple_clock (0)
------------------------------
 There are 0 register/latch pins with multiple clocks.


8. checking generated_clocks (0)
--------------------------------
 There are 0 generated clocks that are not connected to a clock source.


9. checking loops (0)
---------------------
 There are 0 combinational loops in the design.


10. checking partial_input_delay (0)
------------------------------------
 There are 0 input ports with partial input delay specified.


11. checking partial_output_delay (0)
-------------------------------------
 There are 0 ports with partial output delay specified.


12. checking latch_loops (0)
----------------------------
 There are 0 combinational latch loops in the design through latch input



------------------------------------------------------------------------------------------------
| Design Timing Summary
| ---------------------
------------------------------------------------------------------------------------------------

    WNS(ns)      TNS(ns)  TNS Failing Endpoints  TNS Total Endpoints      WHS(ns)      THS(ns)  THS Failing Endpoints  THS Total Endpoints     WPWS(ns)     TPWS(ns)  TPWS Failing Endpoints  TPWS Total Endpoints  
    -------      -------  ---------------------  -------------------      -------      -------  ---------------------  -------------------     --------     --------  ----------------------  --------------------  
        inf        0.000                      0                 4554          inf        0.000                      0                 4554           NA           NA                      NA                    NA  


There are no user specified timing constraints.


------------------------------------------------------------------------------------------------
| Clock Summary
| -------------
------------------------------------------------------------------------------------------------


------------------------------------------------------------------------------------------------
| Intra Clock Table
| -----------------
------------------------------------------------------------------------------------------------

Clock             WNS(ns)      TNS(ns)  TNS Failing Endpoints  TNS Total Endpoints      WHS(ns)      THS(ns)  THS Failing Endpoints  THS Total Endpoints     WPWS(ns)     TPWS(ns)  TPWS Failing Endpoints  TPWS Total Endpoints  
-----             -------      -------  ---------------------  -------------------      -------      -------  ---------------------  -------------------     --------     --------  ----------------------  --------------------  


------------------------------------------------------------------------------------------------
| Inter Clock Table
| -----------------
------------------------------------------------------------------------------------------------

From Clock    To Clock          WNS(ns)      TNS(ns)  TNS Failing Endpoints  TNS Total Endpoints      WHS(ns)      THS(ns)  THS Failing Endpoints  THS Total Endpoints  
----------    --------          -------      -------  ---------------------  -------------------      -------      -------  ---------------------  -------------------  


------------------------------------------------------------------------------------------------
| Other Path Groups Table
| -----------------------
------------------------------------------------------------------------------------------------

Path Group    From Clock    To Clock          WNS(ns)      TNS(ns)  TNS Failing Endpoints  TNS Total Endpoints      WHS(ns)      THS(ns)  THS Failing Endpoints  THS Total Endpoints  
----------    ----------    --------          -------      -------  ---------------------  -------------------      -------      -------  ---------------------  -------------------  


------------------------------------------------------------------------------------------------
| User Ignored Path Table
| -----------------------
------------------------------------------------------------------------------------------------

Path Group    From Clock    To Clock    
----------    ----------    --------    


------------------------------------------------------------------------------------------------
| Unconstrained Path Table
| ------------------------
------------------------------------------------------------------------------------------------

Path Group    From Clock    To Clock    
----------    ----------    --------    
(none)                                    


------------------------------------------------------------------------------------------------
| Timing Details
| --------------
------------------------------------------------------------------------------------------------


--------------------------------------------------------------------------------------
Path Group:  (none)
From Clock:  
  To Clock:  

Max Delay          4554 Endpoints
Min Delay          4554 Endpoints
--------------------------------------------------------------------------------------


Max Delay Paths
--------------------------------------------------------------------------------------
Slack:                    inf
  Source:                 S_AXI_HP0_AWREADY
                            (input port)
  Destination:            u_axi_write_ooo/u_write_order_queue/sched_target_index_reg[1]/D
  Path Group:             (none)
  Path Type:              Max at Slow Process Corner
  Data Path Delay:        14.809ns  (logic 2.321ns (15.672%)  route 12.488ns (84.328%))
  Logic Levels:           20  (CARRY4=4 IBUF=1 LUT2=1 LUT3=4 LUT4=4 LUT5=1 LUT6=5)

    Location             Delay type                Incr(ns)  Path(ns)    Netlist Resource(s)
  -------------------------------------------------------------------    -------------------
    AD20                                              0.000     0.000 r  S_AXI_HP0_AWREADY (IN)
                         net (fo=0)                   0.000     0.000    S_AXI_HP0_AWREADY
    AD20                 IBUF (Prop_ibuf_I_O)         0.798     0.798 r  S_AXI_HP0_AWREADY_IBUF_inst/O
                         net (fo=2, routed)           2.551     3.349    u_axi_write_ooo/S_AXI_HP0_AWREADY
    SLICE_X72Y83         LUT3 (Prop_lut3_I2_O)        0.043     3.392 r  u_axi_write_ooo/u_write_aw_scheduler_i_2/O
                         net (fo=33, routed)          1.040     4.432    u_axi_write_ooo/u_write_aw_scheduler/o_AWREADY
    SLICE_X65Y88         LUT3 (Prop_lut3_I1_O)        0.049     4.481 r  u_axi_write_ooo/u_write_aw_scheduler/i_AWREADY_INST_0/O
                         net (fo=2, routed)           0.737     5.218    u_axi_write_ooo/sched_i_awready
    SLICE_X72Y80         LUT3 (Prop_lut3_I0_O)        0.136     5.354 r  u_axi_write_ooo/u_write_order_queue_i_1/O
                         net (fo=16, routed)          0.289     5.643    u_axi_write_ooo/u_write_order_queue/aw_queue_fire
    SLICE_X72Y82         LUT4 (Prop_lut4_I2_O)        0.043     5.686 r  u_axi_write_ooo/u_write_order_queue/reg_queue_AWLEN[0][3]_i_1/O
                         net (fo=37, routed)          1.292     6.978    u_axi_write_ooo/u_write_order_queue/reg_queue_AWLEN[0][3]_i_1_n_0
    SLICE_X71Y78         LUT6 (Prop_lut6_I1_O)        0.043     7.021 r  u_axi_write_ooo/u_write_order_queue/has_sched_target_i_6/O
                         net (fo=1, routed)           0.579     7.599    u_axi_write_ooo/u_write_order_queue/has_sched_target_i_6_n_0
    SLICE_X74Y79         LUT6 (Prop_lut6_I5_O)        0.043     7.642 r  u_axi_write_ooo/u_write_order_queue/has_sched_target_i_2/O
                         net (fo=44, routed)          0.711     8.354    u_axi_write_ooo/u_write_order_queue/has_sched_target_i_2_n_0
    SLICE_X78Y78         LUT6 (Prop_lut6_I3_O)        0.043     8.397 r  u_axi_write_ooo/u_write_order_queue/sched_target_index[0]_i_16/O
                         net (fo=1, routed)           0.278     8.675    u_axi_write_ooo/u_write_order_queue/sched_target_index[0]_i_16_n_0
    SLICE_X79Y79         CARRY4 (Prop_carry4_DI[0]_CO[3])
                                                      0.269     8.944 r  u_axi_write_ooo/u_write_order_queue/sched_target_index_reg[0]_i_4/CO[3]
                         net (fo=1, routed)           0.000     8.944    u_axi_write_ooo/u_write_order_queue/sched_target_index_reg[0]_i_4_n_0
    SLICE_X79Y80         CARRY4 (Prop_carry4_CI_CO[3])
                                                      0.053     8.997 r  u_axi_write_ooo/u_write_order_queue/sched_target_index_reg[0]_i_3/CO[3]
                         net (fo=7, routed)           0.447     9.443    u_axi_write_ooo/u_write_order_queue/sched_target_index_reg[0]_i_3_n_0
    SLICE_X77Y80         LUT3 (Prop_lut3_I2_O)        0.043     9.486 r  u_axi_write_ooo/u_write_order_queue/sched_target_index[0]_i_2/O
                         net (fo=38, routed)          0.866    10.353    u_axi_write_ooo/u_write_order_queue/sched_target_index[0]_i_2_n_0
    SLICE_X80Y83         LUT4 (Prop_lut4_I3_O)        0.043    10.396 r  u_axi_write_ooo/u_write_order_queue/sched_target_index[1]_i_49/O
                         net (fo=2, routed)           0.442    10.838    u_axi_write_ooo/u_write_order_queue/sched_target_index[1]_i_49_n_0
    SLICE_X80Y82         LUT6 (Prop_lut6_I3_O)        0.043    10.881 r  u_axi_write_ooo/u_write_order_queue/sched_target_index[1]_i_16/O
                         net (fo=1, routed)           0.318    11.199    u_axi_write_ooo/u_write_order_queue/sched_target_index[1]_i_16_n_0
    SLICE_X78Y82         CARRY4 (Prop_carry4_DI[3]_CO[3])
                                                      0.190    11.389 r  u_axi_write_ooo/u_write_order_queue/sched_target_index_reg[1]_i_5/CO[3]
                         net (fo=1, routed)           0.507    11.896    u_axi_write_ooo/u_write_order_queue/has_sched_target_next21_in
    SLICE_X77Y82         LUT4 (Prop_lut4_I1_O)        0.043    11.939 r  u_axi_write_ooo/u_write_order_queue/sched_target_index[1]_i_3/O
                         net (fo=18, routed)          1.215    13.154    u_axi_write_ooo/u_write_order_queue/sched_target_index[1]_i_3_n_0
    SLICE_X85Y81         LUT6 (Prop_lut6_I3_O)        0.043    13.197 r  u_axi_write_ooo/u_write_order_queue/sched_target_index[1]_i_36/O
                         net (fo=2, routed)           0.546    13.743    u_axi_write_ooo/u_write_order_queue/sched_target_index[1]_i_36_n_0
    SLICE_X83Y81         LUT4 (Prop_lut4_I1_O)        0.043    13.786 r  u_axi_write_ooo/u_write_order_queue/sched_target_index[1]_i_13/O
                         net (fo=1, routed)           0.000    13.786    u_axi_write_ooo/u_write_order_queue/sched_target_index[1]_i_13_n_0
    SLICE_X83Y81         CARRY4 (Prop_carry4_S[1]_CO[3])
                                                      0.267    14.053 r  u_axi_write_ooo/u_write_order_queue/sched_target_index_reg[1]_i_4/CO[3]
                         net (fo=1, routed)           0.426    14.479    u_axi_write_ooo/u_write_order_queue/has_sched_target_next24_in
    SLICE_X76Y82         LUT5 (Prop_lut5_I4_O)        0.043    14.522 r  u_axi_write_ooo/u_write_order_queue/sched_target_index[1]_i_2/O
                         net (fo=2, routed)           0.244    14.766    u_axi_write_ooo/u_write_order_queue/sched_target_index[1]_i_2_n_0
    SLICE_X76Y83         LUT2 (Prop_lut2_I0_O)        0.043    14.809 r  u_axi_write_ooo/u_write_order_queue/sched_target_index[1]_i_1/O
                         net (fo=1, routed)           0.000    14.809    u_axi_write_ooo/u_write_order_queue/sched_target_index_next[1]
    SLICE_X76Y83         FDCE                                         r  u_axi_write_ooo/u_write_order_queue/sched_target_index_reg[1]/D
  -------------------------------------------------------------------    -------------------

Slack:                    inf
  Source:                 S_AXI_HP0_AWREADY
                            (input port)
  Destination:            u_axi_write_ooo/u_write_order_queue/sched_target_index_reg[0]/D
  Path Group:             (none)
  Path Type:              Max at Slow Process Corner
  Data Path Delay:        14.806ns  (logic 2.321ns (15.676%)  route 12.485ns (84.324%))
  Logic Levels:           20  (CARRY4=4 IBUF=1 LUT3=5 LUT4=4 LUT5=1 LUT6=5)

    Location             Delay type                Incr(ns)  Path(ns)    Netlist Resource(s)
  -------------------------------------------------------------------    -------------------
    AD20                                              0.000     0.000 r  S_AXI_HP0_AWREADY (IN)
                         net (fo=0)                   0.000     0.000    S_AXI_HP0_AWREADY
    AD20                 IBUF (Prop_ibuf_I_O)         0.798     0.798 r  S_AXI_HP0_AWREADY_IBUF_inst/O
                         net (fo=2, routed)           2.551     3.349    u_axi_write_ooo/S_AXI_HP0_AWREADY
    SLICE_X72Y83         LUT3 (Prop_lut3_I2_O)        0.043     3.392 r  u_axi_write_ooo/u_write_aw_scheduler_i_2/O
                         net (fo=33, routed)          1.040     4.432    u_axi_write_ooo/u_write_aw_scheduler/o_AWREADY
    SLICE_X65Y88         LUT3 (Prop_lut3_I1_O)        0.049     4.481 r  u_axi_write_ooo/u_write_aw_scheduler/i_AWREADY_INST_0/O
                         net (fo=2, routed)           0.737     5.218    u_axi_write_ooo/sched_i_awready
    SLICE_X72Y80         LUT3 (Prop_lut3_I0_O)        0.136     5.354 r  u_axi_write_ooo/u_write_order_queue_i_1/O
                         net (fo=16, routed)          0.289     5.643    u_axi_write_ooo/u_write_order_queue/aw_queue_fire
    SLICE_X72Y82         LUT4 (Prop_lut4_I2_O)        0.043     5.686 r  u_axi_write_ooo/u_write_order_queue/reg_queue_AWLEN[0][3]_i_1/O
                         net (fo=37, routed)          1.292     6.978    u_axi_write_ooo/u_write_order_queue/reg_queue_AWLEN[0][3]_i_1_n_0
    SLICE_X71Y78         LUT6 (Prop_lut6_I1_O)        0.043     7.021 r  u_axi_write_ooo/u_write_order_queue/has_sched_target_i_6/O
                         net (fo=1, routed)           0.579     7.599    u_axi_write_ooo/u_write_order_queue/has_sched_target_i_6_n_0
    SLICE_X74Y79         LUT6 (Prop_lut6_I5_O)        0.043     7.642 r  u_axi_write_ooo/u_write_order_queue/has_sched_target_i_2/O
                         net (fo=44, routed)          0.711     8.354    u_axi_write_ooo/u_write_order_queue/has_sched_target_i_2_n_0
    SLICE_X78Y78         LUT6 (Prop_lut6_I3_O)        0.043     8.397 r  u_axi_write_ooo/u_write_order_queue/sched_target_index[0]_i_16/O
                         net (fo=1, routed)           0.278     8.675    u_axi_write_ooo/u_write_order_queue/sched_target_index[0]_i_16_n_0
    SLICE_X79Y79         CARRY4 (Prop_carry4_DI[0]_CO[3])
                                                      0.269     8.944 r  u_axi_write_ooo/u_write_order_queue/sched_target_index_reg[0]_i_4/CO[3]
                         net (fo=1, routed)           0.000     8.944    u_axi_write_ooo/u_write_order_queue/sched_target_index_reg[0]_i_4_n_0
    SLICE_X79Y80         CARRY4 (Prop_carry4_CI_CO[3])
                                                      0.053     8.997 r  u_axi_write_ooo/u_write_order_queue/sched_target_index_reg[0]_i_3/CO[3]
                         net (fo=7, routed)           0.447     9.443    u_axi_write_ooo/u_write_order_queue/sched_target_index_reg[0]_i_3_n_0
    SLICE_X77Y80         LUT3 (Prop_lut3_I2_O)        0.043     9.486 r  u_axi_write_ooo/u_write_order_queue/sched_target_index[0]_i_2/O
                         net (fo=38, routed)          0.866    10.353    u_axi_write_ooo/u_write_order_queue/sched_target_index[0]_i_2_n_0
    SLICE_X80Y83         LUT4 (Prop_lut4_I3_O)        0.043    10.396 r  u_axi_write_ooo/u_write_order_queue/sched_target_index[1]_i_49/O
                         net (fo=2, routed)           0.442    10.838    u_axi_write_ooo/u_write_order_queue/sched_target_index[1]_i_49_n_0
    SLICE_X80Y82         LUT6 (Prop_lut6_I3_O)        0.043    10.881 r  u_axi_write_ooo/u_write_order_queue/sched_target_index[1]_i_16/O
                         net (fo=1, routed)           0.318    11.199    u_axi_write_ooo/u_write_order_queue/sched_target_index[1]_i_16_n_0
    SLICE_X78Y82         CARRY4 (Prop_carry4_DI[3]_CO[3])
                                                      0.190    11.389 r  u_axi_write_ooo/u_write_order_queue/sched_target_index_reg[1]_i_5/CO[3]
                         net (fo=1, routed)           0.507    11.896    u_axi_write_ooo/u_write_order_queue/has_sched_target_next21_in
    SLICE_X77Y82         LUT4 (Prop_lut4_I1_O)        0.043    11.939 r  u_axi_write_ooo/u_write_order_queue/sched_target_index[1]_i_3/O
                         net (fo=18, routed)          1.215    13.154    u_axi_write_ooo/u_write_order_queue/sched_target_index[1]_i_3_n_0
    SLICE_X85Y81         LUT6 (Prop_lut6_I3_O)        0.043    13.197 r  u_axi_write_ooo/u_write_order_queue/sched_target_index[1]_i_36/O
                         net (fo=2, routed)           0.546    13.743    u_axi_write_ooo/u_write_order_queue/sched_target_index[1]_i_36_n_0
    SLICE_X83Y81         LUT4 (Prop_lut4_I1_O)        0.043    13.786 r  u_axi_write_ooo/u_write_order_queue/sched_target_index[1]_i_13/O
                         net (fo=1, routed)           0.000    13.786    u_axi_write_ooo/u_write_order_queue/sched_target_index[1]_i_13_n_0
    SLICE_X83Y81         CARRY4 (Prop_carry4_S[1]_CO[3])
                                                      0.267    14.053 r  u_axi_write_ooo/u_write_order_queue/sched_target_index_reg[1]_i_4/CO[3]
                         net (fo=1, routed)           0.426    14.479    u_axi_write_ooo/u_write_order_queue/has_sched_target_next24_in
    SLICE_X76Y82         LUT5 (Prop_lut5_I4_O)        0.043    14.522 r  u_axi_write_ooo/u_write_order_queue/sched_target_index[1]_i_2/O
                         net (fo=2, routed)           0.241    14.763    u_axi_write_ooo/u_write_order_queue/sched_target_index[1]_i_2_n_0
    SLICE_X76Y83         LUT3 (Prop_lut3_I0_O)        0.043    14.806 r  u_axi_write_ooo/u_write_order_queue/sched_target_index[0]_i_1/O
                         net (fo=1, routed)           0.000    14.806    u_axi_write_ooo/u_write_order_queue/sched_target_index_next[0]
    SLICE_X76Y83         FDCE                                         r  u_axi_write_ooo/u_write_order_queue/sched_target_index_reg[0]/D
  -------------------------------------------------------------------    -------------------

Slack:                    inf
  Source:                 S_AXI_HP0_AWREADY
                            (input port)
  Destination:            u_axi_write_ooo/u_write_order_queue/w_target_index_reg[1]/D
  Path Group:             (none)
  Path Type:              Max at Slow Process Corner
  Data Path Delay:        13.050ns  (logic 2.381ns (18.244%)  route 10.669ns (81.756%))
  Logic Levels:           21  (CARRY4=6 IBUF=1 LUT3=3 LUT4=3 LUT5=2 LUT6=6)

    Location             Delay type                Incr(ns)  Path(ns)    Netlist Resource(s)
  -------------------------------------------------------------------    -------------------
    AD20                                              0.000     0.000 r  S_AXI_HP0_AWREADY (IN)
                         net (fo=0)                   0.000     0.000    S_AXI_HP0_AWREADY
    AD20                 IBUF (Prop_ibuf_I_O)         0.798     0.798 r  S_AXI_HP0_AWREADY_IBUF_inst/O
                         net (fo=2, routed)           2.551     3.349    u_axi_write_ooo/S_AXI_HP0_AWREADY
    SLICE_X72Y83         LUT3 (Prop_lut3_I2_O)        0.043     3.392 r  u_axi_write_ooo/u_write_aw_scheduler_i_2/O
                         net (fo=33, routed)          1.040     4.432    u_axi_write_ooo/u_write_aw_scheduler/o_AWREADY
    SLICE_X65Y88         LUT3 (Prop_lut3_I1_O)        0.049     4.481 r  u_axi_write_ooo/u_write_aw_scheduler/i_AWREADY_INST_0/O
                         net (fo=2, routed)           0.737     5.218    u_axi_write_ooo/sched_i_awready
    SLICE_X72Y80         LUT3 (Prop_lut3_I0_O)        0.136     5.354 r  u_axi_write_ooo/u_write_order_queue_i_1/O
                         net (fo=16, routed)          0.289     5.643    u_axi_write_ooo/u_write_order_queue/aw_queue_fire
    SLICE_X72Y82         LUT4 (Prop_lut4_I2_O)        0.043     5.686 r  u_axi_write_ooo/u_write_order_queue/reg_queue_AWLEN[0][3]_i_1/O
                         net (fo=37, routed)          0.454     6.139    u_axi_write_ooo/u_write_order_queue/reg_queue_AWLEN[0][3]_i_1_n_0
    SLICE_X74Y81         LUT6 (Prop_lut6_I5_O)        0.043     6.182 r  u_axi_write_ooo/u_write_order_queue/has_w_target_i_7/O
                         net (fo=1, routed)           0.233     6.416    u_axi_write_ooo/u_write_order_queue/has_w_target_i_7_n_0
    SLICE_X75Y80         LUT6 (Prop_lut6_I0_O)        0.043     6.459 r  u_axi_write_ooo/u_write_order_queue/has_w_target_i_5/O
                         net (fo=51, routed)          0.551     7.010    u_axi_write_ooo/u_write_order_queue/has_w_target_i_5_n_0
    SLICE_X79Y81         LUT5 (Prop_lut5_I3_O)        0.043     7.053 r  u_axi_write_ooo/u_write_order_queue/w_target_index[0]_i_20/O
                         net (fo=1, routed)           0.000     7.053    u_axi_write_ooo/u_write_order_queue/w_target_index[0]_i_20_n_0
    SLICE_X79Y81         CARRY4 (Prop_carry4_S[0]_CO[3])
                                                      0.259     7.312 r  u_axi_write_ooo/u_write_order_queue/w_target_index_reg[0]_i_4/CO[3]
                         net (fo=1, routed)           0.000     7.312    u_axi_write_ooo/u_write_order_queue/w_target_index_reg[0]_i_4_n_0
    SLICE_X79Y82         CARRY4 (Prop_carry4_CI_CO[3])
                                                      0.053     7.365 r  u_axi_write_ooo/u_write_order_queue/w_target_index_reg[0]_i_3/CO[3]
                         net (fo=1, routed)           0.600     7.965    u_axi_write_ooo/u_write_order_queue/w_target_index_reg[0]_i_3_n_0
    SLICE_X76Y81         LUT6 (Prop_lut6_I5_O)        0.043     8.008 r  u_axi_write_ooo/u_write_order_queue/w_target_index[0]_i_2/O
                         net (fo=33, routed)          0.943     8.951    u_axi_write_ooo/u_write_order_queue/w_target_index[0]_i_2_n_0
    SLICE_X85Y80         LUT4 (Prop_lut4_I1_O)        0.043     8.994 r  u_axi_write_ooo/u_write_order_queue/w_target_index[1]_i_53/O
                         net (fo=3, routed)           0.531     9.525    u_axi_write_ooo/u_write_order_queue/w_target_index[1]_i_53_n_0
    SLICE_X81Y80         LUT4 (Prop_lut4_I2_O)        0.043     9.568 r  u_axi_write_ooo/u_write_order_queue/w_target_index[1]_i_70/O
                         net (fo=1, routed)           0.000     9.568    u_axi_write_ooo/u_write_order_queue/w_target_index[1]_i_70_n_0
    SLICE_X81Y80         CARRY4 (Prop_carry4_S[1]_CO[3])
                                                      0.267     9.835 r  u_axi_write_ooo/u_write_order_queue/w_target_index_reg[1]_i_39/CO[3]
                         net (fo=1, routed)           0.000     9.835    u_axi_write_ooo/u_write_order_queue/w_target_index_reg[1]_i_39_n_0
    SLICE_X81Y81         CARRY4 (Prop_carry4_CI_CO[3])
                                                      0.053     9.888 r  u_axi_write_ooo/u_write_order_queue/w_target_index_reg[1]_i_13/CO[3]
                         net (fo=1, routed)           0.429    10.317    u_axi_write_ooo/u_write_order_queue/has_w_target_next210_in
    SLICE_X78Y78         LUT6 (Prop_lut6_I1_O)        0.043    10.360 r  u_axi_write_ooo/u_write_order_queue/w_target_index[1]_i_3/O
                         net (fo=34, routed)          0.852    11.212    u_axi_write_ooo/u_write_order_queue/w_target_index[1]_i_3_n_0
    SLICE_X84Y79         LUT6 (Prop_lut6_I1_O)        0.043    11.255 f  u_axi_write_ooo/u_write_order_queue/w_target_index[1]_i_50/O
                         net (fo=1, routed)           0.357    11.612    u_axi_write_ooo/u_write_order_queue/w_target_index[1]_i_50_n_0
    SLICE_X84Y80         LUT6 (Prop_lut6_I1_O)        0.043    11.655 r  u_axi_write_ooo/u_write_order_queue/w_target_index[1]_i_16/O
                         net (fo=1, routed)           0.389    12.044    u_axi_write_ooo/u_write_order_queue/w_target_index[1]_i_16_n_0
    SLICE_X82Y80         CARRY4 (Prop_carry4_DI[2]_CO[3])
                                                      0.197    12.241 r  u_axi_write_ooo/u_write_order_queue/w_target_index_reg[1]_i_4/CO[3]
                         net (fo=1, routed)           0.000    12.241    u_axi_write_ooo/u_write_order_queue/w_target_index_reg[1]_i_4_n_0
    SLICE_X82Y81         CARRY4 (Prop_carry4_CI_CO[3])
                                                      0.053    12.294 r  u_axi_write_ooo/u_write_order_queue/w_target_index_reg[1]_i_2/CO[3]
                         net (fo=2, routed)           0.713    13.007    u_axi_write_ooo/u_write_order_queue/has_w_target_next215_in
    SLICE_X77Y78         LUT5 (Prop_lut5_I3_O)        0.043    13.050 r  u_axi_write_ooo/u_write_order_queue/w_target_index[1]_i_1/O
                         net (fo=1, routed)           0.000    13.050    u_axi_write_ooo/u_write_order_queue/w_target_index_next[1]
    SLICE_X77Y78         FDCE                                         r  u_axi_write_ooo/u_write_order_queue/w_target_index_reg[1]/D
  -------------------------------------------------------------------    -------------------

Slack:                    inf
  Source:                 S_AXI_HP0_AWREADY
                            (input port)
  Destination:            u_axi_write_ooo/u_write_order_queue/w_target_index_reg[0]/D
  Path Group:             (none)
  Path Type:              Max at Slow Process Corner
  Data Path Delay:        13.049ns  (logic 2.381ns (18.246%)  route 10.668ns (81.754%))
  Logic Levels:           21  (CARRY4=6 IBUF=1 LUT3=3 LUT4=3 LUT5=1 LUT6=7)

    Location             Delay type                Incr(ns)  Path(ns)    Netlist Resource(s)
  -------------------------------------------------------------------    -------------------
    AD20                                              0.000     0.000 r  S_AXI_HP0_AWREADY (IN)
                         net (fo=0)                   0.000     0.000    S_AXI_HP0_AWREADY
    AD20                 IBUF (Prop_ibuf_I_O)         0.798     0.798 r  S_AXI_HP0_AWREADY_IBUF_inst/O
                         net (fo=2, routed)           2.551     3.349    u_axi_write_ooo/S_AXI_HP0_AWREADY
    SLICE_X72Y83         LUT3 (Prop_lut3_I2_O)        0.043     3.392 r  u_axi_write_ooo/u_write_aw_scheduler_i_2/O
                         net (fo=33, routed)          1.040     4.432    u_axi_write_ooo/u_write_aw_scheduler/o_AWREADY
    SLICE_X65Y88         LUT3 (Prop_lut3_I1_O)        0.049     4.481 r  u_axi_write_ooo/u_write_aw_scheduler/i_AWREADY_INST_0/O
                         net (fo=2, routed)           0.737     5.218    u_axi_write_ooo/sched_i_awready
    SLICE_X72Y80         LUT3 (Prop_lut3_I0_O)        0.136     5.354 r  u_axi_write_ooo/u_write_order_queue_i_1/O
                         net (fo=16, routed)          0.289     5.643    u_axi_write_ooo/u_write_order_queue/aw_queue_fire
    SLICE_X72Y82         LUT4 (Prop_lut4_I2_O)        0.043     5.686 r  u_axi_write_ooo/u_write_order_queue/reg_queue_AWLEN[0][3]_i_1/O
                         net (fo=37, routed)          0.454     6.139    u_axi_write_ooo/u_write_order_queue/reg_queue_AWLEN[0][3]_i_1_n_0
    SLICE_X74Y81         LUT6 (Prop_lut6_I5_O)        0.043     6.182 r  u_axi_write_ooo/u_write_order_queue/has_w_target_i_7/O
                         net (fo=1, routed)           0.233     6.416    u_axi_write_ooo/u_write_order_queue/has_w_target_i_7_n_0
    SLICE_X75Y80         LUT6 (Prop_lut6_I0_O)        0.043     6.459 r  u_axi_write_ooo/u_write_order_queue/has_w_target_i_5/O
                         net (fo=51, routed)          0.551     7.010    u_axi_write_ooo/u_write_order_queue/has_w_target_i_5_n_0
    SLICE_X79Y81         LUT5 (Prop_lut5_I3_O)        0.043     7.053 r  u_axi_write_ooo/u_write_order_queue/w_target_index[0]_i_20/O
                         net (fo=1, routed)           0.000     7.053    u_axi_write_ooo/u_write_order_queue/w_target_index[0]_i_20_n_0
    SLICE_X79Y81         CARRY4 (Prop_carry4_S[0]_CO[3])
                                                      0.259     7.312 r  u_axi_write_ooo/u_write_order_queue/w_target_index_reg[0]_i_4/CO[3]
                         net (fo=1, routed)           0.000     7.312    u_axi_write_ooo/u_write_order_queue/w_target_index_reg[0]_i_4_n_0
    SLICE_X79Y82         CARRY4 (Prop_carry4_CI_CO[3])
                                                      0.053     7.365 r  u_axi_write_ooo/u_write_order_queue/w_target_index_reg[0]_i_3/CO[3]
                         net (fo=1, routed)           0.600     7.965    u_axi_write_ooo/u_write_order_queue/w_target_index_reg[0]_i_3_n_0
    SLICE_X76Y81         LUT6 (Prop_lut6_I5_O)        0.043     8.008 r  u_axi_write_ooo/u_write_order_queue/w_target_index[0]_i_2/O
                         net (fo=33, routed)          0.943     8.951    u_axi_write_ooo/u_write_order_queue/w_target_index[0]_i_2_n_0
    SLICE_X85Y80         LUT4 (Prop_lut4_I1_O)        0.043     8.994 r  u_axi_write_ooo/u_write_order_queue/w_target_index[1]_i_53/O
                         net (fo=3, routed)           0.531     9.525    u_axi_write_ooo/u_write_order_queue/w_target_index[1]_i_53_n_0
    SLICE_X81Y80         LUT4 (Prop_lut4_I2_O)        0.043     9.568 r  u_axi_write_ooo/u_write_order_queue/w_target_index[1]_i_70/O
                         net (fo=1, routed)           0.000     9.568    u_axi_write_ooo/u_write_order_queue/w_target_index[1]_i_70_n_0
    SLICE_X81Y80         CARRY4 (Prop_carry4_S[1]_CO[3])
                                                      0.267     9.835 r  u_axi_write_ooo/u_write_order_queue/w_target_index_reg[1]_i_39/CO[3]
                         net (fo=1, routed)           0.000     9.835    u_axi_write_ooo/u_write_order_queue/w_target_index_reg[1]_i_39_n_0
    SLICE_X81Y81         CARRY4 (Prop_carry4_CI_CO[3])
                                                      0.053     9.888 r  u_axi_write_ooo/u_write_order_queue/w_target_index_reg[1]_i_13/CO[3]
                         net (fo=1, routed)           0.429    10.317    u_axi_write_ooo/u_write_order_queue/has_w_target_next210_in
    SLICE_X78Y78         LUT6 (Prop_lut6_I1_O)        0.043    10.360 r  u_axi_write_ooo/u_write_order_queue/w_target_index[1]_i_3/O
                         net (fo=34, routed)          0.852    11.212    u_axi_write_ooo/u_write_order_queue/w_target_index[1]_i_3_n_0
    SLICE_X84Y79         LUT6 (Prop_lut6_I1_O)        0.043    11.255 f  u_axi_write_ooo/u_write_order_queue/w_target_index[1]_i_50/O
                         net (fo=1, routed)           0.357    11.612    u_axi_write_ooo/u_write_order_queue/w_target_index[1]_i_50_n_0
    SLICE_X84Y80         LUT6 (Prop_lut6_I1_O)        0.043    11.655 r  u_axi_write_ooo/u_write_order_queue/w_target_index[1]_i_16/O
                         net (fo=1, routed)           0.389    12.044    u_axi_write_ooo/u_write_order_queue/w_target_index[1]_i_16_n_0
    SLICE_X82Y80         CARRY4 (Prop_carry4_DI[2]_CO[3])
                                                      0.197    12.241 r  u_axi_write_ooo/u_write_order_queue/w_target_index_reg[1]_i_4/CO[3]
                         net (fo=1, routed)           0.000    12.241    u_axi_write_ooo/u_write_order_queue/w_target_index_reg[1]_i_4_n_0
    SLICE_X82Y81         CARRY4 (Prop_carry4_CI_CO[3])
                                                      0.053    12.294 r  u_axi_write_ooo/u_write_order_queue/w_target_index_reg[1]_i_2/CO[3]
                         net (fo=2, routed)           0.712    13.006    u_axi_write_ooo/u_write_order_queue/has_w_target_next215_in
    SLICE_X77Y78         LUT6 (Prop_lut6_I3_O)        0.043    13.049 r  u_axi_write_ooo/u_write_order_queue/w_target_index[0]_i_1/O
                         net (fo=1, routed)           0.000    13.049    u_axi_write_ooo/u_write_order_queue/w_target_index_next[0]
    SLICE_X77Y78         FDCE                                         r  u_axi_write_ooo/u_write_order_queue/w_target_index_reg[0]/D
  -------------------------------------------------------------------    -------------------

Slack:                    inf
  Source:                 u_axi_read_ooo/u_read_scheduler/last_addr_reg[6]/C
                            (rising edge-triggered cell FDCE)
  Destination:            S_AXI_HP0_ARBURST[0]
                            (output port)
  Path Group:             (none)
  Path Type:              Max at Slow Process Corner
  Data Path Delay:        9.585ns  (logic 2.608ns (27.212%)  route 6.977ns (72.788%))
  Logic Levels:           7  (FDCE=1 LUT3=1 LUT5=1 LUT6=3 OBUF=1)

    Location             Delay type                Incr(ns)  Path(ns)    Netlist Resource(s)
  -------------------------------------------------------------------    -------------------
    SLICE_X42Y86         FDCE                         0.000     0.000 r  u_axi_read_ooo/u_read_scheduler/last_addr_reg[6]/C
    SLICE_X42Y86         FDCE (Prop_fdce_C_Q)         0.259     0.259 r  u_axi_read_ooo/u_read_scheduler/last_addr_reg[6]/Q
                         net (fo=5, routed)           0.649     0.908    u_axi_read_ooo/u_read_scheduler/current_bank[1]
    SLICE_X44Y87         LUT5 (Prop_lut5_I0_O)        0.049     0.957 r  u_axi_read_ooo/u_read_scheduler/o_id[2]_INST_0_i_11/O
                         net (fo=3, routed)           0.252     1.210    u_axi_read_ooo/u_read_scheduler/MIN_TREE_LEVEL[0].MIN_TREE_NODE[0].b[1]
    SLICE_X44Y86         LUT6 (Prop_lut6_I4_O)        0.136     1.346 r  u_axi_read_ooo/u_read_scheduler/o_id[2]_INST_0_i_4/O
                         net (fo=1, routed)           0.437     1.783    u_axi_read_ooo/u_read_scheduler/min_calc_return[0]
    SLICE_X44Y86         LUT6 (Prop_lut6_I1_O)        0.043     1.826 r  u_axi_read_ooo/u_read_scheduler/o_id[2]_INST_0_i_1/O
                         net (fo=40, routed)          0.321     2.147    u_axi_read_ooo/u_read_scheduler/o_id[2]_INST_0_i_1_n_0
    SLICE_X42Y85         LUT3 (Prop_lut3_I1_O)        0.043     2.190 r  u_axi_read_ooo/u_read_scheduler/o_id[2]_INST_0_i_2/O
                         net (fo=34, routed)          1.064     3.254    u_axi_read_ooo/u_read_scheduler/issue_index[0]
    SLICE_X51Y87         LUT6 (Prop_lut6_I4_O)        0.043     3.297 r  u_axi_read_ooo/u_read_scheduler/o_burst[0]_INST_0/O
                         net (fo=1, routed)           4.252     7.550    S_AXI_HP0_ARBURST_OBUF[0]
    D14                  OBUF (Prop_obuf_I_O)         2.035     9.585 r  S_AXI_HP0_ARBURST_OBUF[0]_inst/O
                         net (fo=0)                   0.000     9.585    S_AXI_HP0_ARBURST[0]
    D14                                                               r  S_AXI_HP0_ARBURST[0] (OUT)
  -------------------------------------------------------------------    -------------------

Slack:                    inf
  Source:                 u_axi_read_ooo/u_read_scheduler/last_addr_reg[6]/C
                            (rising edge-triggered cell FDCE)
  Destination:            S_AXI_HP0_ARADDR[12]
                            (output port)
  Path Group:             (none)
  Path Type:              Max at Slow Process Corner
  Data Path Delay:        9.360ns  (logic 2.565ns (27.403%)  route 6.795ns (72.597%))
  Logic Levels:           7  (FDCE=1 LUT3=1 LUT5=1 LUT6=3 OBUF=1)

    Location             Delay type                Incr(ns)  Path(ns)    Netlist Resource(s)
  -------------------------------------------------------------------    -------------------
    SLICE_X42Y86         FDCE                         0.000     0.000 r  u_axi_read_ooo/u_read_scheduler/last_addr_reg[6]/C
    SLICE_X42Y86         FDCE (Prop_fdce_C_Q)         0.259     0.259 r  u_axi_read_ooo/u_read_scheduler/last_addr_reg[6]/Q
                         net (fo=5, routed)           0.649     0.908    u_axi_read_ooo/u_read_scheduler/current_bank[1]
    SLICE_X44Y87         LUT5 (Prop_lut5_I0_O)        0.049     0.957 r  u_axi_read_ooo/u_read_scheduler/o_id[2]_INST_0_i_11/O
                         net (fo=3, routed)           0.252     1.210    u_axi_read_ooo/u_read_scheduler/MIN_TREE_LEVEL[0].MIN_TREE_NODE[0].b[1]
    SLICE_X44Y86         LUT6 (Prop_lut6_I4_O)        0.136     1.346 r  u_axi_read_ooo/u_read_scheduler/o_id[2]_INST_0_i_4/O
                         net (fo=1, routed)           0.437     1.783    u_axi_read_ooo/u_read_scheduler/min_calc_return[0]
    SLICE_X44Y86         LUT6 (Prop_lut6_I1_O)        0.043     1.826 r  u_axi_read_ooo/u_read_scheduler/o_id[2]_INST_0_i_1/O
                         net (fo=40, routed)          0.321     2.147    u_axi_read_ooo/u_read_scheduler/o_id[2]_INST_0_i_1_n_0
    SLICE_X42Y85         LUT3 (Prop_lut3_I1_O)        0.043     2.190 r  u_axi_read_ooo/u_read_scheduler/o_id[2]_INST_0_i_2/O
                         net (fo=34, routed)          1.338     3.528    u_axi_read_ooo/u_read_scheduler/issue_index[0]
    SLICE_X48Y85         LUT6 (Prop_lut6_I4_O)        0.043     3.571 r  u_axi_read_ooo/u_read_scheduler/o_addr[12]_INST_0/O
                         net (fo=1, routed)           3.797     7.368    S_AXI_HP0_ARADDR_OBUF[12]
    H9                   OBUF (Prop_obuf_I_O)         1.992     9.360 r  S_AXI_HP0_ARADDR_OBUF[12]_inst/O
                         net (fo=0)                   0.000     9.360    S_AXI_HP0_ARADDR[12]
    H9                                                                r  S_AXI_HP0_ARADDR[12] (OUT)
  -------------------------------------------------------------------    -------------------

Slack:                    inf
  Source:                 u_axi_read_ooo/u_read_scheduler/last_addr_reg[6]/C
                            (rising edge-triggered cell FDCE)
  Destination:            S_AXI_HP0_ARID[1]
                            (output port)
  Path Group:             (none)
  Path Type:              Max at Slow Process Corner
  Data Path Delay:        9.351ns  (logic 2.630ns (28.128%)  route 6.721ns (71.872%))
  Logic Levels:           7  (FDCE=1 LUT3=1 LUT5=1 LUT6=3 OBUF=1)

    Location             Delay type                Incr(ns)  Path(ns)    Netlist Resource(s)
  -------------------------------------------------------------------    -------------------
    SLICE_X42Y86         FDCE                         0.000     0.000 r  u_axi_read_ooo/u_read_scheduler/last_addr_reg[6]/C
    SLICE_X42Y86         FDCE (Prop_fdce_C_Q)         0.259     0.259 r  u_axi_read_ooo/u_read_scheduler/last_addr_reg[6]/Q
                         net (fo=5, routed)           0.649     0.908    u_axi_read_ooo/u_read_scheduler/current_bank[1]
    SLICE_X44Y87         LUT5 (Prop_lut5_I0_O)        0.049     0.957 r  u_axi_read_ooo/u_read_scheduler/o_id[2]_INST_0_i_11/O
                         net (fo=3, routed)           0.252     1.210    u_axi_read_ooo/u_read_scheduler/MIN_TREE_LEVEL[0].MIN_TREE_NODE[0].b[1]
    SLICE_X44Y86         LUT6 (Prop_lut6_I4_O)        0.136     1.346 r  u_axi_read_ooo/u_read_scheduler/o_id[2]_INST_0_i_4/O
                         net (fo=1, routed)           0.437     1.783    u_axi_read_ooo/u_read_scheduler/min_calc_return[0]
    SLICE_X44Y86         LUT6 (Prop_lut6_I1_O)        0.043     1.826 r  u_axi_read_ooo/u_read_scheduler/o_id[2]_INST_0_i_1/O
                         net (fo=40, routed)          0.321     2.147    u_axi_read_ooo/u_read_scheduler/o_id[2]_INST_0_i_1_n_0
    SLICE_X42Y85         LUT3 (Prop_lut3_I1_O)        0.043     2.190 r  u_axi_read_ooo/u_read_scheduler/o_id[2]_INST_0_i_2/O
                         net (fo=34, routed)          1.044     3.234    u_axi_read_ooo/u_read_scheduler/issue_index[0]
    SLICE_X51Y86         LUT6 (Prop_lut6_I4_O)        0.043     3.277 r  u_axi_read_ooo/u_read_scheduler/o_id[1]_INST_0/O
                         net (fo=1, routed)           4.017     7.294    S_AXI_HP0_ARID_OBUF[1]
    B16                  OBUF (Prop_obuf_I_O)         2.057     9.351 r  S_AXI_HP0_ARID_OBUF[1]_inst/O
                         net (fo=0)                   0.000     9.351    S_AXI_HP0_ARID[1]
    B16                                                               r  S_AXI_HP0_ARID[1] (OUT)
  -------------------------------------------------------------------    -------------------

Slack:                    inf
  Source:                 u_axi_read_ooo/u_read_scheduler/last_addr_reg[6]/C
                            (rising edge-triggered cell FDCE)
  Destination:            S_AXI_HP0_ARID[2]
                            (output port)
  Path Group:             (none)
  Path Type:              Max at Slow Process Corner
  Data Path Delay:        9.347ns  (logic 2.604ns (27.863%)  route 6.743ns (72.137%))
  Logic Levels:           7  (FDCE=1 LUT3=1 LUT5=1 LUT6=3 OBUF=1)

    Location             Delay type                Incr(ns)  Path(ns)    Netlist Resource(s)
  -------------------------------------------------------------------    -------------------
    SLICE_X42Y86         FDCE                         0.000     0.000 r  u_axi_read_ooo/u_read_scheduler/last_addr_reg[6]/C
    SLICE_X42Y86         FDCE (Prop_fdce_C_Q)         0.259     0.259 r  u_axi_read_ooo/u_read_scheduler/last_addr_reg[6]/Q
                         net (fo=5, routed)           0.649     0.908    u_axi_read_ooo/u_read_scheduler/current_bank[1]
    SLICE_X44Y87         LUT5 (Prop_lut5_I0_O)        0.049     0.957 r  u_axi_read_ooo/u_read_scheduler/o_id[2]_INST_0_i_11/O
                         net (fo=3, routed)           0.252     1.210    u_axi_read_ooo/u_read_scheduler/MIN_TREE_LEVEL[0].MIN_TREE_NODE[0].b[1]
    SLICE_X44Y86         LUT6 (Prop_lut6_I4_O)        0.136     1.346 r  u_axi_read_ooo/u_read_scheduler/o_id[2]_INST_0_i_4/O
                         net (fo=1, routed)           0.437     1.783    u_axi_read_ooo/u_read_scheduler/min_calc_return[0]
    SLICE_X44Y86         LUT6 (Prop_lut6_I1_O)        0.043     1.826 r  u_axi_read_ooo/u_read_scheduler/o_id[2]_INST_0_i_1/O
                         net (fo=40, routed)          0.321     2.147    u_axi_read_ooo/u_read_scheduler/o_id[2]_INST_0_i_1_n_0
    SLICE_X42Y85         LUT3 (Prop_lut3_I1_O)        0.043     2.190 r  u_axi_read_ooo/u_read_scheduler/o_id[2]_INST_0_i_2/O
                         net (fo=34, routed)          0.875     3.065    u_axi_read_ooo/u_read_scheduler/issue_index[0]
    SLICE_X46Y88         LUT6 (Prop_lut6_I4_O)        0.043     3.108 r  u_axi_read_ooo/u_read_scheduler/o_id[2]_INST_0/O
                         net (fo=1, routed)           4.208     7.316    S_AXI_HP0_ARID_OBUF[2]
    D16                  OBUF (Prop_obuf_I_O)         2.031     9.347 r  S_AXI_HP0_ARID_OBUF[2]_inst/O
                         net (fo=0)                   0.000     9.347    S_AXI_HP0_ARID[2]
    D16                                                               r  S_AXI_HP0_ARID[2] (OUT)
  -------------------------------------------------------------------    -------------------

Slack:                    inf
  Source:                 u_axi_write_ooo/u_write_aw_scheduler/cnt_awid_ocheck_reg[4][3]/C
                            (rising edge-triggered cell FDCE)
  Destination:            S_AXI_HP0_AWLEN[0]
                            (output port)
  Path Group:             (none)
  Path Type:              Max at Slow Process Corner
  Data Path Delay:        9.296ns  (logic 2.874ns (30.920%)  route 6.422ns (69.080%))
  Logic Levels:           7  (FDCE=1 LUT4=2 LUT6=3 OBUF=1)

    Location             Delay type                Incr(ns)  Path(ns)    Netlist Resource(s)
  -------------------------------------------------------------------    -------------------
    SLICE_X62Y94         FDCE                         0.000     0.000 r  u_axi_write_ooo/u_write_aw_scheduler/cnt_awid_ocheck_reg[4][3]/C
    SLICE_X62Y94         FDCE (Prop_fdce_C_Q)         0.259     0.259 r  u_axi_write_ooo/u_write_aw_scheduler/cnt_awid_ocheck_reg[4][3]/Q
                         net (fo=2, routed)           0.637     0.896    u_axi_write_ooo/u_write_aw_scheduler/cnt_awid_ocheck_reg_n_0_[4][3]
    SLICE_X62Y95         LUT6 (Prop_lut6_I5_O)        0.043     0.939 r  u_axi_write_ooo/u_write_aw_scheduler/o_AWID[2]_INST_0_i_5/O
                         net (fo=3, routed)           0.425     1.363    u_axi_write_ooo/u_write_aw_scheduler/o_AWID[2]_INST_0_i_5_n_0
    SLICE_X64Y89         LUT4 (Prop_lut4_I2_O)        0.043     1.406 r  u_axi_write_ooo/u_write_aw_scheduler/o_AWADDR[15]_INST_0_i_6/O
                         net (fo=4, routed)           0.272     1.678    u_axi_write_ooo/u_write_aw_scheduler/o_AWADDR[15]_INST_0_i_6_n_0
    SLICE_X65Y89         LUT6 (Prop_lut6_I5_O)        0.043     1.721 f  u_axi_write_ooo/u_write_aw_scheduler/o_AWADDR[15]_INST_0_i_5/O
                         net (fo=26, routed)          1.384     3.105    u_axi_write_ooo/u_write_aw_scheduler/o_AWADDR[15]_INST_0_i_5_n_0
    SLICE_X66Y80         LUT4 (Prop_lut4_I2_O)        0.043     3.148 r  u_axi_write_ooo/u_write_aw_scheduler/o_AWLEN[0]_INST_0_i_1/O
                         net (fo=1, routed)           0.348     3.496    u_axi_write_ooo/u_write_aw_scheduler/o_AWLEN[0]_INST_0_i_1_n_0
    SLICE_X67Y80         LUT6 (Prop_lut6_I1_O)        0.043     3.539 r  u_axi_write_ooo/u_write_aw_scheduler/o_AWLEN[0]_INST_0/O
                         net (fo=15, routed)          3.356     6.896    S_AXI_HP0_AWLEN_OBUF[0]
    AA10                 OBUF (Prop_obuf_I_O)         2.400     9.296 r  S_AXI_HP0_AWLEN_OBUF[0]_inst/O
                         net (fo=0)                   0.000     9.296    S_AXI_HP0_AWLEN[0]
    AA10                                                              r  S_AXI_HP0_AWLEN[0] (OUT)
  -------------------------------------------------------------------    -------------------

Slack:                    inf
  Source:                 u_axi_read_ooo/u_read_scheduler/last_addr_reg[6]/C
                            (rising edge-triggered cell FDCE)
  Destination:            S_AXI_HP0_ARLEN[0]
                            (output port)
  Path Group:             (none)
  Path Type:              Max at Slow Process Corner
  Data Path Delay:        9.262ns  (logic 2.613ns (28.208%)  route 6.649ns (71.792%))
  Logic Levels:           7  (FDCE=1 LUT3=1 LUT5=1 LUT6=3 OBUF=1)

    Location             Delay type                Incr(ns)  Path(ns)    Netlist Resource(s)
  -------------------------------------------------------------------    -------------------
    SLICE_X42Y86         FDCE                         0.000     0.000 r  u_axi_read_ooo/u_read_scheduler/last_addr_reg[6]/C
    SLICE_X42Y86         FDCE (Prop_fdce_C_Q)         0.259     0.259 r  u_axi_read_ooo/u_read_scheduler/last_addr_reg[6]/Q
                         net (fo=5, routed)           0.649     0.908    u_axi_read_ooo/u_read_scheduler/current_bank[1]
    SLICE_X44Y87         LUT5 (Prop_lut5_I0_O)        0.049     0.957 r  u_axi_read_ooo/u_read_scheduler/o_id[2]_INST_0_i_11/O
                         net (fo=3, routed)           0.252     1.210    u_axi_read_ooo/u_read_scheduler/MIN_TREE_LEVEL[0].MIN_TREE_NODE[0].b[1]
    SLICE_X44Y86         LUT6 (Prop_lut6_I4_O)        0.136     1.346 r  u_axi_read_ooo/u_read_scheduler/o_id[2]_INST_0_i_4/O
                         net (fo=1, routed)           0.437     1.783    u_axi_read_ooo/u_read_scheduler/min_calc_return[0]
    SLICE_X44Y86         LUT6 (Prop_lut6_I1_O)        0.043     1.826 r  u_axi_read_ooo/u_read_scheduler/o_id[2]_INST_0_i_1/O
                         net (fo=40, routed)          0.321     2.147    u_axi_read_ooo/u_read_scheduler/o_id[2]_INST_0_i_1_n_0
    SLICE_X42Y85         LUT3 (Prop_lut3_I1_O)        0.043     2.190 r  u_axi_read_ooo/u_read_scheduler/o_id[2]_INST_0_i_2/O
                         net (fo=34, routed)          0.951     3.141    u_axi_read_ooo/u_read_scheduler/issue_index[0]
    SLICE_X51Y86         LUT6 (Prop_lut6_I4_O)        0.043     3.184 r  u_axi_read_ooo/u_read_scheduler/o_len[0]_INST_0/O
                         net (fo=1, routed)           4.039     7.222    S_AXI_HP0_ARLEN_OBUF[0]
    B12                  OBUF (Prop_obuf_I_O)         2.040     9.262 r  S_AXI_HP0_ARLEN_OBUF[0]_inst/O
                         net (fo=0)                   0.000     9.262    S_AXI_HP0_ARLEN[0]
    B12                                                               r  S_AXI_HP0_ARLEN[0] (OUT)
  -------------------------------------------------------------------    -------------------





Min Delay Paths
--------------------------------------------------------------------------------------
Slack:                    inf
  Source:                 u_axi_write_ooo/u_write_order_queue/send_beat_reg[2]/C
                            (rising edge-triggered cell FDCE)
  Destination:            u_axi_write_ooo/u_write_order_queue/send_beat_reg[4]/D
  Path Group:             (none)
  Path Type:              Min at Fast Process Corner
  Data Path Delay:        0.197ns  (logic 0.128ns (65.054%)  route 0.069ns (34.946%))
  Logic Levels:           2  (FDCE=1 LUT6=1)

    Location             Delay type                Incr(ns)  Path(ns)    Netlist Resource(s)
  -------------------------------------------------------------------    -------------------
    SLICE_X74Y83         FDCE                         0.000     0.000 r  u_axi_write_ooo/u_write_order_queue/send_beat_reg[2]/C
    SLICE_X74Y83         FDCE (Prop_fdce_C_Q)         0.100     0.100 r  u_axi_write_ooo/u_write_order_queue/send_beat_reg[2]/Q
                         net (fo=63, routed)          0.069     0.169    u_axi_write_ooo/u_write_order_queue/send_beat[2]
    SLICE_X75Y83         LUT6 (Prop_lut6_I1_O)        0.028     0.197 r  u_axi_write_ooo/u_write_order_queue/send_beat[4]_i_2/O
                         net (fo=1, routed)           0.000     0.197    u_axi_write_ooo/u_write_order_queue/send_beat[4]_i_2_n_0
    SLICE_X75Y83         FDCE                                         r  u_axi_write_ooo/u_write_order_queue/send_beat_reg[4]/D
  -------------------------------------------------------------------    -------------------

Slack:                    inf
  Source:                 u_axi_write_ooo/u_write_order_queue/next_seq_reg[14]/C
                            (rising edge-triggered cell FDCE)
  Destination:            u_axi_write_ooo/u_write_order_queue/reg_queue_seq_reg[3][14]/D
  Path Group:             (none)
  Path Type:              Min at Fast Process Corner
  Data Path Delay:        0.207ns  (logic 0.100ns (48.388%)  route 0.107ns (51.612%))
  Logic Levels:           1  (FDCE=1)

    Location             Delay type                Incr(ns)  Path(ns)    Netlist Resource(s)
  -------------------------------------------------------------------    -------------------
    SLICE_X80Y81         FDCE                         0.000     0.000 r  u_axi_write_ooo/u_write_order_queue/next_seq_reg[14]/C
    SLICE_X80Y81         FDCE (Prop_fdce_C_Q)         0.100     0.100 r  u_axi_write_ooo/u_write_order_queue/next_seq_reg[14]/Q
                         net (fo=5, routed)           0.107     0.207    u_axi_write_ooo/u_write_order_queue/next_seq_reg[14]
    SLICE_X83Y82         FDCE                                         r  u_axi_write_ooo/u_write_order_queue/reg_queue_seq_reg[3][14]/D
  -------------------------------------------------------------------    -------------------

Slack:                    inf
  Source:                 u_axi_read_ooo/u_read_queue_cache/reg_len_reg[2][2]/C
                            (rising edge-triggered cell FDCE)
  Destination:            u_axi_read_ooo/u_read_queue_cache/reg_len_reg[1][2]/D
  Path Group:             (none)
  Path Type:              Min at Fast Process Corner
  Data Path Delay:        0.208ns  (logic 0.146ns (70.172%)  route 0.062ns (29.828%))
  Logic Levels:           2  (FDCE=1 LUT5=1)

    Location             Delay type                Incr(ns)  Path(ns)    Netlist Resource(s)
  -------------------------------------------------------------------    -------------------
    SLICE_X26Y68         FDCE                         0.000     0.000 r  u_axi_read_ooo/u_read_queue_cache/reg_len_reg[2][2]/C
    SLICE_X26Y68         FDCE (Prop_fdce_C_Q)         0.118     0.118 r  u_axi_read_ooo/u_read_queue_cache/reg_len_reg[2][2]/Q
                         net (fo=2, routed)           0.062     0.180    u_axi_read_ooo/u_read_queue_cache/reg_len_reg_n_0_[2][2]
    SLICE_X27Y68         LUT5 (Prop_lut5_I2_O)        0.028     0.208 r  u_axi_read_ooo/u_read_queue_cache/reg_len[1][2]_i_1/O
                         net (fo=1, routed)           0.000     0.208    u_axi_read_ooo/u_read_queue_cache/reg_len[1][2]_i_1_n_0
    SLICE_X27Y68         FDCE                                         r  u_axi_read_ooo/u_read_queue_cache/reg_len_reg[1][2]/D
  -------------------------------------------------------------------    -------------------

Slack:                    inf
  Source:                 u_axi_write_ooo/u_write_order_queue/next_seq_reg[12]/C
                            (rising edge-triggered cell FDCE)
  Destination:            u_axi_write_ooo/u_write_order_queue/reg_queue_seq_reg[3][12]/D
  Path Group:             (none)
  Path Type:              Min at Fast Process Corner
  Data Path Delay:        0.209ns  (logic 0.100ns (47.794%)  route 0.109ns (52.206%))
  Logic Levels:           1  (FDCE=1)

    Location             Delay type                Incr(ns)  Path(ns)    Netlist Resource(s)
  -------------------------------------------------------------------    -------------------
    SLICE_X80Y81         FDCE                         0.000     0.000 r  u_axi_write_ooo/u_write_order_queue/next_seq_reg[12]/C
    SLICE_X80Y81         FDCE (Prop_fdce_C_Q)         0.100     0.100 r  u_axi_write_ooo/u_write_order_queue/next_seq_reg[12]/Q
                         net (fo=5, routed)           0.109     0.209    u_axi_write_ooo/u_write_order_queue/next_seq_reg[12]
    SLICE_X83Y82         FDCE                                         r  u_axi_write_ooo/u_write_order_queue/reg_queue_seq_reg[3][12]/D
  -------------------------------------------------------------------    -------------------

Slack:                    inf
  Source:                 u_axi_read_ooo/u_read_queue_cache/reg_addr_reg[2][11]/C
                            (rising edge-triggered cell FDCE)
  Destination:            u_axi_read_ooo/u_read_queue_cache/reg_addr_reg[1][11]/D
  Path Group:             (none)
  Path Type:              Min at Fast Process Corner
  Data Path Delay:        0.214ns  (logic 0.128ns (59.768%)  route 0.086ns (40.232%))
  Logic Levels:           2  (FDCE=1 LUT5=1)

    Location             Delay type                Incr(ns)  Path(ns)    Netlist Resource(s)
  -------------------------------------------------------------------    -------------------
    SLICE_X28Y69         FDCE                         0.000     0.000 r  u_axi_read_ooo/u_read_queue_cache/reg_addr_reg[2][11]/C
    SLICE_X28Y69         FDCE (Prop_fdce_C_Q)         0.100     0.100 r  u_axi_read_ooo/u_read_queue_cache/reg_addr_reg[2][11]/Q
                         net (fo=2, routed)           0.086     0.186    u_axi_read_ooo/u_read_queue_cache/reg_addr_reg_n_0_[2][11]
    SLICE_X29Y69         LUT5 (Prop_lut5_I2_O)        0.028     0.214 r  u_axi_read_ooo/u_read_queue_cache/reg_addr[1][11]_i_1/O
                         net (fo=1, routed)           0.000     0.214    u_axi_read_ooo/u_read_queue_cache/reg_addr[1][11]_i_1_n_0
    SLICE_X29Y69         FDCE                                         r  u_axi_read_ooo/u_read_queue_cache/reg_addr_reg[1][11]/D
  -------------------------------------------------------------------    -------------------

Slack:                    inf
  Source:                 u_axi_write_ooo/u_write_order_queue/next_seq_reg[7]/C
                            (rising edge-triggered cell FDCE)
  Destination:            u_axi_write_ooo/u_write_order_queue/reg_queue_seq_reg[0][7]/D
  Path Group:             (none)
  Path Type:              Min at Fast Process Corner
  Data Path Delay:        0.217ns  (logic 0.100ns (46.049%)  route 0.117ns (53.951%))
  Logic Levels:           1  (FDCE=1)

    Location             Delay type                Incr(ns)  Path(ns)    Netlist Resource(s)
  -------------------------------------------------------------------    -------------------
    SLICE_X80Y79         FDCE                         0.000     0.000 r  u_axi_write_ooo/u_write_order_queue/next_seq_reg[7]/C
    SLICE_X80Y79         FDCE (Prop_fdce_C_Q)         0.100     0.100 r  u_axi_write_ooo/u_write_order_queue/next_seq_reg[7]/Q
                         net (fo=5, routed)           0.117     0.217    u_axi_write_ooo/u_write_order_queue/next_seq_reg[7]
    SLICE_X79Y79         FDCE                                         r  u_axi_write_ooo/u_write_order_queue/reg_queue_seq_reg[0][7]/D
  -------------------------------------------------------------------    -------------------

Slack:                    inf
  Source:                 u_axi_read_ooo/u_read_queue_cache/reg_len_reg[1][1]/C
                            (rising edge-triggered cell FDCE)
  Destination:            u_axi_read_ooo/u_read_queue_cache/reg_len_reg[0][1]/D
  Path Group:             (none)
  Path Type:              Min at Fast Process Corner
  Data Path Delay:        0.217ns  (logic 0.128ns (58.912%)  route 0.089ns (41.088%))
  Logic Levels:           2  (FDCE=1 LUT5=1)

    Location             Delay type                Incr(ns)  Path(ns)    Netlist Resource(s)
  -------------------------------------------------------------------    -------------------
    SLICE_X24Y63         FDCE                         0.000     0.000 r  u_axi_read_ooo/u_read_queue_cache/reg_len_reg[1][1]/C
    SLICE_X24Y63         FDCE (Prop_fdce_C_Q)         0.100     0.100 r  u_axi_read_ooo/u_read_queue_cache/reg_len_reg[1][1]/Q
                         net (fo=2, routed)           0.089     0.189    u_axi_read_ooo/u_read_queue_cache/reg_len_reg_n_0_[1][1]
    SLICE_X25Y63         LUT5 (Prop_lut5_I2_O)        0.028     0.217 r  u_axi_read_ooo/u_read_queue_cache/reg_len[0][1]_i_1/O
                         net (fo=1, routed)           0.000     0.217    u_axi_read_ooo/u_read_queue_cache/reg_len[0][1]_i_1_n_0
    SLICE_X25Y63         FDCE                                         r  u_axi_read_ooo/u_read_queue_cache/reg_len_reg[0][1]/D
  -------------------------------------------------------------------    -------------------

Slack:                    inf
  Source:                 u_axi_write_ooo/u_write_order_queue/next_seq_reg[3]/C
                            (rising edge-triggered cell FDCE)
  Destination:            u_axi_write_ooo/u_write_order_queue/reg_queue_seq_reg[2][3]/D
  Path Group:             (none)
  Path Type:              Min at Fast Process Corner
  Data Path Delay:        0.218ns  (logic 0.100ns (45.970%)  route 0.118ns (54.030%))
  Logic Levels:           1  (FDCE=1)

    Location             Delay type                Incr(ns)  Path(ns)    Netlist Resource(s)
  -------------------------------------------------------------------    -------------------
    SLICE_X80Y78         FDCE                         0.000     0.000 r  u_axi_write_ooo/u_write_order_queue/next_seq_reg[3]/C
    SLICE_X80Y78         FDCE (Prop_fdce_C_Q)         0.100     0.100 r  u_axi_write_ooo/u_write_order_queue/next_seq_reg[3]/Q
                         net (fo=5, routed)           0.118     0.218    u_axi_write_ooo/u_write_order_queue/next_seq_reg[3]
    SLICE_X81Y79         FDCE                                         r  u_axi_write_ooo/u_write_order_queue/reg_queue_seq_reg[2][3]/D
  -------------------------------------------------------------------    -------------------

Slack:                    inf
  Source:                 u_axi_read_ooo/u_read_queue_cache/reg_id_reg[2][1]/C
                            (rising edge-triggered cell FDCE)
  Destination:            u_axi_read_ooo/u_read_queue_cache/reg_id_reg[1][1]/D
  Path Group:             (none)
  Path Type:              Min at Fast Process Corner
  Data Path Delay:        0.219ns  (logic 0.128ns (58.465%)  route 0.091ns (41.535%))
  Logic Levels:           2  (FDCE=1 LUT5=1)

    Location             Delay type                Incr(ns)  Path(ns)    Netlist Resource(s)
  -------------------------------------------------------------------    -------------------
    SLICE_X29Y66         FDCE                         0.000     0.000 r  u_axi_read_ooo/u_read_queue_cache/reg_id_reg[2][1]/C
    SLICE_X29Y66         FDCE (Prop_fdce_C_Q)         0.100     0.100 r  u_axi_read_ooo/u_read_queue_cache/reg_id_reg[2][1]/Q
                         net (fo=2, routed)           0.091     0.191    u_axi_read_ooo/u_read_queue_cache/reg_id_reg_n_0_[2][1]
    SLICE_X28Y66         LUT5 (Prop_lut5_I2_O)        0.028     0.219 r  u_axi_read_ooo/u_read_queue_cache/reg_id[1][1]_i_1/O
                         net (fo=1, routed)           0.000     0.219    u_axi_read_ooo/u_read_queue_cache/reg_id[1][1]_i_1_n_0
    SLICE_X28Y66         FDCE                                         r  u_axi_read_ooo/u_read_queue_cache/reg_id_reg[1][1]/D
  -------------------------------------------------------------------    -------------------

Slack:                    inf
  Source:                 u_axi_write_ooo/u_write_order_queue/next_seq_reg[2]/C
                            (rising edge-triggered cell FDCE)
  Destination:            u_axi_write_ooo/u_write_order_queue/reg_queue_seq_reg[2][2]/D
  Path Group:             (none)
  Path Type:              Min at Fast Process Corner
  Data Path Delay:        0.220ns  (logic 0.100ns (45.398%)  route 0.120ns (54.602%))
  Logic Levels:           1  (FDCE=1)

    Location             Delay type                Incr(ns)  Path(ns)    Netlist Resource(s)
  -------------------------------------------------------------------    -------------------
    SLICE_X80Y78         FDCE                         0.000     0.000 r  u_axi_write_ooo/u_write_order_queue/next_seq_reg[2]/C
    SLICE_X80Y78         FDCE (Prop_fdce_C_Q)         0.100     0.100 r  u_axi_write_ooo/u_write_order_queue/next_seq_reg[2]/Q
                         net (fo=5, routed)           0.120     0.220    u_axi_write_ooo/u_write_order_queue/next_seq_reg[2]
    SLICE_X81Y79         FDCE                                         r  u_axi_write_ooo/u_write_order_queue/reg_queue_seq_reg[2][2]/D
  -------------------------------------------------------------------    -------------------





