Copyright 1986-2022 Xilinx, Inc. All Rights Reserved. Copyright 2022-2025 Advanced Micro Devices, Inc. All Rights Reserved.
---------------------------------------------------------------------------------------------------------------------------------------------
| Tool Version : Vivado v.2025.1 (lin64) Build 6140274 Wed May 21 22:58:25 MDT 2025
| Date         : Sat May  2 10:51:10 2026
| Host         : minamidev running 64-bit Ubuntu 24.04.4 LTS
| Command      : report_drc -file axi_ooo_controller_drc_opted.rpt -pb axi_ooo_controller_drc_opted.pb -rpx axi_ooo_controller_drc_opted.rpx
| Design       : axi_ooo_controller
| Device       : xc7z030ffv676-2
| Speed File   : -2
| Design State : Synthesized
---------------------------------------------------------------------------------------------------------------------------------------------

Report DRC

Table of Contents
-----------------
1. REPORT SUMMARY
2. REPORT DETAILS

1. REPORT SUMMARY
-----------------
            Netlist: netlist
          Floorplan: design_1
      Design limits: <entire design considered>
           Ruledeck: default
             Max checks: <unlimited>
             Checks found: 3
+--------+------------------+----------------------------+--------+
| Rule   | Severity         | Description                | Checks |
+--------+------------------+----------------------------+--------+
| NSTD-1 | Critical Warning | Unspecified I/O Standard   | 1      |
| UCIO-1 | Critical Warning | Unconstrained Logical Port | 1      |
| ZPS7-1 | Warning          | PS7 block required         | 1      |
+--------+------------------+----------------------------+--------+

2. REPORT DETAILS
-----------------
NSTD-1#1 Critical Warning
Unspecified I/O Standard  
226 out of 226 logical ports use I/O standard (IOSTANDARD) value 'DEFAULT', instead of a user assigned specific value. This may cause I/O contention or incompatibility with the board power or connectivity affecting performance, signal integrity or in extreme cases cause damage to the device or the components to which it is connected. To correct this violation, specify all I/O standards. This design will fail to generate a bitstream unless all logical ports have a user specified I/O standard value defined. To allow bitstream creation with unspecified I/O standard values (not recommended), use this command: set_property SEVERITY {Warning} [get_drc_checks NSTD-1].  NOTE: When using the Vivado Runs infrastructure (e.g. launch_runs Tcl command), add this command to a .tcl file and add that file as a pre-hook for write_bitstream step for the implementation run. Problem ports: M_AXI_GP0_ARADDR[15:0], M_AXI_GP0_ARBURST[1:0], M_AXI_GP0_ARID[2:0],
M_AXI_GP0_ARLEN[3:0], M_AXI_GP0_ARSIZE[2:0], M_AXI_GP0_AWADDR[15:0],
M_AXI_GP0_AWBURST[1:0], M_AXI_GP0_AWID[2:0], M_AXI_GP0_AWLEN[3:0],
M_AXI_GP0_AWSIZE[2:0], M_AXI_GP0_BID[2:0], M_AXI_GP0_BRESP[1:0],
M_AXI_GP0_RDATA[15:0], M_AXI_GP0_RID[2:0], M_AXI_GP0_RRESP[1:0]
 (the first 15 of 60 listed).
Related violations: <none>

UCIO-1#1 Critical Warning
Unconstrained Logical Port  
226 out of 226 logical ports have no user assigned specific location constraint (LOC). This may cause I/O contention or incompatibility with the board power or connectivity affecting performance, signal integrity or in extreme cases cause damage to the device or the components to which it is connected. To correct this violation, specify all pin locations. This design will fail to generate a bitstream unless all logical ports have a user specified site LOC constraint defined.  To allow bitstream creation with unspecified pin locations (not recommended), use this command: set_property SEVERITY {Warning} [get_drc_checks UCIO-1].  NOTE: When using the Vivado Runs infrastructure (e.g. launch_runs Tcl command), add this command to a .tcl file and add that file as a pre-hook for write_bitstream step for the implementation run.  Problem ports: M_AXI_GP0_ARADDR[15:0], M_AXI_GP0_ARBURST[1:0], M_AXI_GP0_ARID[2:0],
M_AXI_GP0_ARLEN[3:0], M_AXI_GP0_ARSIZE[2:0], M_AXI_GP0_AWADDR[15:0],
M_AXI_GP0_AWBURST[1:0], M_AXI_GP0_AWID[2:0], M_AXI_GP0_AWLEN[3:0],
M_AXI_GP0_AWSIZE[2:0], M_AXI_GP0_BID[2:0], M_AXI_GP0_BRESP[1:0],
M_AXI_GP0_RDATA[15:0], M_AXI_GP0_RID[2:0], M_AXI_GP0_RRESP[1:0]
 (the first 15 of 60 listed).
Related violations: <none>

ZPS7-1#1 Warning
PS7 block required  
The PS7 cell must be used in this Zynq design in order to enable correct default configuration.
Related violations: <none>


