Copyright 1986-2022 Xilinx, Inc. All Rights Reserved. Copyright 2022-2025 Advanced Micro Devices, Inc. All Rights Reserved.
---------------------------------------------------------------------------------------------------------------------------------------------
| Tool Version : Vivado v.2025.1 (lin64) Build 6140274 Wed May 21 22:58:25 MDT 2025
| Date         : Sat May  2 06:04:02 2026
| Host         : minamidev running 64-bit Ubuntu 24.04.4 LTS
| Command      : report_drc -file axi_ooo_controller_drc_opted.rpt -pb axi_ooo_controller_drc_opted.pb -rpx axi_ooo_controller_drc_opted.rpx
| Design       : axi_ooo_controller
| Device       : xc7z014sclg484-2
| Speed File   : -2
| Design State : Synthesized
---------------------------------------------------------------------------------------------------------------------------------------------

Report DRC

Table of Contents
-----------------
1. REPORT SUMMARY
2. REPORT DETAILS

1. REPORT SUMMARY
-----------------
            Netlist: netlist
          Floorplan: checkpoint_axi_ooo_controller
      Design limits: <entire design considered>
           Ruledeck: default
             Max checks: <unlimited>
             Checks found: 2
+--------+----------+----------------------+--------+
| Rule   | Severity | Description          | Checks |
+--------+----------+----------------------+--------+
| UTLZ-1 | Error    | Resource utilization | 1      |
| ZPS7-1 | Warning  | PS7 block required   | 1      |
+--------+----------+----------------------+--------+

2. REPORT DETAILS
-----------------
UTLZ-1#1 Error
Resource utilization  - PBlock:ROOT
LUT as Logic over-utilized in Top Level Design (This design requires more LUT as Logic cells than are available in the target device. This design requires 50883 of such cell types but only 40600 compatible sites are available in the target device. Please analyze your synthesis results and constraints to ensure the design is mapped to Xilinx primitives as expected. If so, please consider targeting a larger device. Please set tcl parameter "drc.disableLUTOverUtilError" to 1 to change this error to warning.)ROOT
Related violations: <none>

ZPS7-1#1 Warning
PS7 block required  
The PS7 cell must be used in this Zynq design in order to enable correct default configuration.
Related violations: <none>


